[2025-08-26T16:45:10.848Z] [ACCESS] GET / - IP: ::1 - In progress
[2025-08-26T16:45:10.939Z] [ACCESS] GET /assets/css/preflight.css - IP: ::1 - In progress
[2025-08-26T16:45:10.951Z] [ACCESS] GET /assets/css/theme.css - IP: ::1 - In progress
[2025-08-26T16:45:10.953Z] [ACCESS] GET /assets/css/index.css - IP: ::1 - In progress
[2025-08-26T16:45:10.954Z] [ACCESS] GET /assets/css/styles.css - IP: ::1 - In progress
[2025-08-26T16:45:10.958Z] [ACCESS] GET /assets/css/header.css - IP: ::1 - In progress
[2025-08-26T16:45:10.963Z] [ACCESS] GET /assets/css/visibility-fix.css - IP: ::1 - In progress
[2025-08-26T16:45:10.964Z] [ACCESS] GET /assets/css/conflict-fixes.css - IP: ::1 - In progress
[2025-08-26T16:45:11.047Z] [ACCESS] GET /.well-known/appspecific/com.chrome.devtools.json - IP: ::1 - In progress
[2025-08-26T16:45:11.052Z] [ACCESS] GET / - IP: ::1 - Status: 404
[2025-08-26T16:45:11.149Z] [ACCESS] GET /assets/js/utils.js - IP: ::1 - In progress
[2025-08-26T16:45:11.158Z] [ACCESS] GET /assets/js/cart.js - IP: ::1 - In progress
[2025-08-26T16:45:11.160Z] [ACCESS] GET /assets/js/utils.js - IP: ::1 - In progress
[2025-08-26T16:45:11.161Z] [ACCESS] GET /assets/js/products.js - IP: ::1 - In progress
[2025-08-26T16:45:11.163Z] [ACCESS] GET /assets/js/userMenu.js - IP: ::1 - In progress
[2025-08-26T16:45:11.165Z] [ACCESS] GET /assets/js/header.js - IP: ::1 - In progress
[2025-08-26T16:45:11.167Z] [ACCESS] GET /assets/js/theme.js - IP: ::1 - In progress
[2025-08-26T16:45:11.170Z] [ACCESS] GET /components/Header.js - IP: ::1 - In progress
[2025-08-26T16:45:11.176Z] [ACCESS] GET /assets/js/cart.js - IP: ::1 - In progress
[2025-08-26T16:45:11.178Z] [ACCESS] GET /assets/js/products.js - IP: ::1 - In progress
[2025-08-26T16:45:11.181Z] [ACCESS] GET /components/Footer.js - IP: ::1 - In progress
[2025-08-26T16:45:11.184Z] [ACCESS] GET /assets/js/userMenu.js - IP: ::1 - In progress
[2025-08-26T16:45:11.185Z] [ACCESS] GET /assets/js/header.js - IP: ::1 - In progress
[2025-08-26T16:45:11.186Z] [ACCESS] GET /assets/js/theme.js - IP: ::1 - In progress
[2025-08-26T16:45:11.218Z] [ACCESS] GET /assets/images/hero-image.jpg - IP: ::1 - In progress
[2025-08-26T16:45:11.222Z] [ACCESS] GET /assets/images/categories/arrangements.jpg - IP: ::1 - In progress
[2025-08-26T16:45:11.223Z] [ACCESS] GET /assets/images/categories/bouquets.jpg - IP: ::1 - In progress
[2025-08-26T16:45:11.223Z] [ACCESS] GET /assets/images/categories/plants.jpg - IP: ::1 - In progress
[2025-08-26T16:45:11.227Z] [ACCESS] GET /assets/images/categories/accessories.jpg - IP: ::1 - In progress
[2025-08-26T16:45:11.246Z] [ACCESS] GET /assets/images/about-florist.jpg - IP: ::1 - In progress
[2025-08-26T16:45:11.262Z] [ACCESS] GET /assets/js/cartUtils.js - IP: ::1 - In progress
[2025-08-26T16:45:11.264Z] [ACCESS] GET /components/Cart.js - IP: ::1 - In progress
[2025-08-26T16:45:11.265Z] [ACCESS] GET /assets/js/auth.js - IP: ::1 - In progress
[2025-08-26T16:45:11.271Z] [ACCESS] GET /assets/images/placeholder.svg - IP: ::1 - In progress
[2025-08-26T16:45:11.289Z] [ACCESS] GET /api/products - IP: ::1 - In progress
[2025-08-26T16:45:11.293Z] [ACCESS] GET / - IP: ::1 - Status: 200
[2025-08-26T16:46:22.944Z] [ACCESS] GET / - IP: ::1 - In progress
[2025-08-26T16:46:23.015Z] [ACCESS] GET /assets/css/preflight.css - IP: ::1 - In progress
[2025-08-26T16:46:23.020Z] [ACCESS] GET /assets/css/theme.css - IP: ::1 - In progress
[2025-08-26T16:46:23.026Z] [ACCESS] GET /assets/css/index.css - IP: ::1 - In progress
[2025-08-26T16:46:23.031Z] [ACCESS] GET /assets/css/conflict-fixes.css - IP: ::1 - In progress
[2025-08-26T16:46:23.034Z] [ACCESS] GET /assets/css/styles.css - IP: ::1 - In progress
[2025-08-26T16:46:23.036Z] [ACCESS] GET /assets/css/header.css - IP: ::1 - In progress
[2025-08-26T16:46:23.036Z] [ACCESS] GET /assets/css/visibility-fix.css - IP: ::1 - In progress
[2025-08-26T16:46:23.073Z] [ACCESS] GET /.well-known/appspecific/com.chrome.devtools.json - IP: ::1 - In progress
[2025-08-26T16:46:23.079Z] [ACCESS] GET / - IP: ::1 - Status: 404
[2025-08-26T16:46:23.176Z] [ACCESS] GET /assets/js/utils.js - IP: ::1 - In progress
[2025-08-26T16:46:23.177Z] [ACCESS] GET /assets/js/cart.js - IP: ::1 - In progress
[2025-08-26T16:46:23.177Z] [ACCESS] GET /assets/js/products.js - IP: ::1 - In progress
[2025-08-26T16:46:23.178Z] [ACCESS] GET /assets/js/userMenu.js - IP: ::1 - In progress
[2025-08-26T16:46:23.178Z] [ACCESS] GET /assets/js/header.js - IP: ::1 - In progress
[2025-08-26T16:46:23.179Z] [ACCESS] GET /assets/js/theme.js - IP: ::1 - In progress
[2025-08-26T16:46:23.213Z] [ACCESS] GET /assets/images/hero-image.jpg - IP: ::1 - In progress
[2025-08-26T16:46:23.214Z] [ACCESS] GET /assets/images/categories/arrangements.jpg - IP: ::1 - In progress
[2025-08-26T16:46:23.217Z] [ACCESS] GET /assets/images/categories/bouquets.jpg - IP: ::1 - In progress
[2025-08-26T16:46:23.220Z] [ACCESS] GET /assets/images/categories/plants.jpg - IP: ::1 - In progress
[2025-08-26T16:46:23.221Z] [ACCESS] GET /assets/images/categories/accessories.jpg - IP: ::1 - In progress
[2025-08-26T16:46:23.233Z] [ACCESS] GET /assets/images/about-florist.jpg - IP: ::1 - In progress
[2025-08-26T16:46:23.270Z] [ACCESS] GET /components/Header.js - IP: ::1 - In progress
[2025-08-26T16:46:23.288Z] [ACCESS] GET /components/Footer.js - IP: ::1 - In progress
[2025-08-26T16:46:23.291Z] [ACCESS] GET /assets/js/utils.js - IP: ::1 - In progress
[2025-08-26T16:46:23.294Z] [ACCESS] GET /assets/js/cart.js - IP: ::1 - In progress
[2025-08-26T16:46:23.295Z] [ACCESS] GET /assets/js/products.js - IP: ::1 - In progress
[2025-08-26T16:46:23.300Z] [ACCESS] GET /assets/js/userMenu.js - IP: ::1 - In progress
[2025-08-26T16:46:23.302Z] [ACCESS] GET /assets/js/header.js - IP: ::1 - In progress
[2025-08-26T16:46:23.304Z] [ACCESS] GET /assets/js/theme.js - IP: ::1 - In progress
[2025-08-26T16:46:23.330Z] [ACCESS] GET /assets/images/placeholder.svg - IP: ::1 - In progress
[2025-08-26T16:46:23.367Z] [ACCESS] GET /assets/js/cartUtils.js - IP: ::1 - In progress
[2025-08-26T16:46:23.372Z] [ACCESS] GET /components/Cart.js - IP: ::1 - In progress
[2025-08-26T16:46:23.390Z] [ACCESS] GET /assets/js/auth.js - IP: ::1 - In progress
[2025-08-26T16:46:23.412Z] [ACCESS] GET /api/products - IP: ::1 - In progress
[2025-08-26T16:46:23.415Z] [ACCESS] GET / - IP: ::1 - Status: 200
[2025-08-26T16:46:45.426Z] [ACCESS] GET /products.html - IP: ::1 - In progress
[2025-08-26T16:46:45.528Z] [ACCESS] GET /assets/css/preflight.css - IP: ::1 - In progress
[2025-08-26T16:46:45.530Z] [ACCESS] GET /assets/css/theme.css - IP: ::1 - In progress
[2025-08-26T16:46:45.531Z] [ACCESS] GET /assets/css/index.css - IP: ::1 - In progress
[2025-08-26T16:46:45.532Z] [ACCESS] GET /assets/css/styles.css - IP: ::1 - In progress
[2025-08-26T16:46:45.533Z] [ACCESS] GET /assets/css/header.css - IP: ::1 - In progress
[2025-08-26T16:46:45.535Z] [ACCESS] GET /assets/js/utils.js - IP: ::1 - In progress
[2025-08-26T16:46:45.535Z] [ACCESS] GET /assets/css/visibility-fix.css - IP: ::1 - In progress
[2025-08-26T16:46:45.540Z] [ACCESS] GET /assets/js/cart.js - IP: ::1 - In progress
[2025-08-26T16:46:45.541Z] [ACCESS] GET /assets/js/products.js - IP: ::1 - In progress
[2025-08-26T16:46:45.542Z] [ACCESS] GET /assets/js/userMenu.js - IP: ::1 - In progress
[2025-08-26T16:46:45.542Z] [ACCESS] GET /assets/js/theme.js - IP: ::1 - In progress
[2025-08-26T16:46:45.546Z] [ACCESS] GET /assets/js/header.js - IP: ::1 - In progress
[2025-08-26T16:46:45.548Z] [ACCESS] GET /components/Header.js - IP: ::1 - In progress
[2025-08-26T16:46:45.550Z] [ACCESS] GET /components/Footer.js - IP: ::1 - In progress
[2025-08-26T16:46:45.602Z] [ACCESS] GET /.well-known/appspecific/com.chrome.devtools.json - IP: ::1 - In progress
[2025-08-26T16:46:45.605Z] [ACCESS] GET / - IP: ::1 - Status: 404
[2025-08-26T16:46:45.680Z] [ACCESS] GET /assets/images/hero-image.jpg - IP: ::1 - In progress
[2025-08-26T16:46:45.701Z] [ACCESS] GET /assets/js/utils.js - IP: ::1 - In progress
[2025-08-26T16:46:45.703Z] [ACCESS] GET /assets/js/cart.js - IP: ::1 - In progress
[2025-08-26T16:46:45.704Z] [ACCESS] GET /assets/js/products.js - IP: ::1 - In progress
[2025-08-26T16:46:45.705Z] [ACCESS] GET /assets/js/userMenu.js - IP: ::1 - In progress
[2025-08-26T16:46:45.708Z] [ACCESS] GET /assets/js/header.js - IP: ::1 - In progress
[2025-08-26T16:46:45.760Z] [ACCESS] GET /assets/js/cartUtils.js - IP: ::1 - In progress
[2025-08-26T16:46:45.762Z] [ACCESS] GET /components/Cart.js - IP: ::1 - In progress
[2025-08-26T16:46:45.770Z] [ACCESS] GET /assets/js/auth.js - IP: ::1 - In progress
[2025-08-26T16:46:45.795Z] [ACCESS] GET /api/products - IP: ::1 - In progress
[2025-08-26T16:46:45.801Z] [ACCESS] GET / - IP: ::1 - Status: 200
[2025-08-26T16:46:45.882Z] [ACCESS] GET /assets/images/products/product_1.jpg - IP: ::1 - In progress
[2025-08-26T16:46:45.883Z] [ACCESS] GET /assets/images/products/product_2.jpg - IP: ::1 - In progress
[2025-08-26T16:46:45.883Z] [ACCESS] GET /assets/images/products/product_3.jpg - IP: ::1 - In progress
[2025-08-26T16:48:52.582Z] [ACCESS] GET /products.html - IP: ::1 - In progress
[2025-08-26T16:48:52.659Z] [ACCESS] GET /assets/css/preflight.css - IP: ::1 - In progress
[2025-08-26T16:48:52.669Z] [ACCESS] GET /assets/css/theme.css - IP: ::1 - In progress
[2025-08-26T16:48:52.671Z] [ACCESS] GET /assets/css/index.css - IP: ::1 - In progress
[2025-08-26T16:48:52.671Z] [ACCESS] GET /assets/css/styles.css - IP: ::1 - In progress
[2025-08-26T16:48:52.672Z] [ACCESS] GET /assets/css/header.css - IP: ::1 - In progress
[2025-08-26T16:48:52.675Z] [ACCESS] GET /assets/css/visibility-fix.css - IP: ::1 - In progress
[2025-08-26T16:48:52.675Z] [ACCESS] GET /assets/js/utils.js - IP: ::1 - In progress
[2025-08-26T16:48:52.677Z] [ACCESS] GET /assets/js/cart.js - IP: ::1 - In progress
[2025-08-26T16:48:52.679Z] [ACCESS] GET /assets/js/products.js - IP: ::1 - In progress
[2025-08-26T16:48:52.680Z] [ACCESS] GET /assets/js/userMenu.js - IP: ::1 - In progress
[2025-08-26T16:48:52.685Z] [ACCESS] GET /assets/js/theme.js - IP: ::1 - In progress
[2025-08-26T16:48:52.686Z] [ACCESS] GET /assets/js/header.js - IP: ::1 - In progress
[2025-08-26T16:48:52.690Z] [ACCESS] GET /components/Header.js - IP: ::1 - In progress
[2025-08-26T16:48:52.692Z] [ACCESS] GET /components/Footer.js - IP: ::1 - In progress
[2025-08-26T16:48:52.695Z] [ACCESS] GET /.well-known/appspecific/com.chrome.devtools.json - IP: ::1 - In progress
[2025-08-26T16:48:52.699Z] [ACCESS] GET / - IP: ::1 - Status: 404
[2025-08-26T16:48:52.859Z] [ACCESS] GET /assets/images/hero-image.jpg - IP: ::1 - In progress
[2025-08-26T16:48:52.918Z] [ACCESS] GET /assets/js/utils.js - IP: ::1 - In progress
[2025-08-26T16:48:52.931Z] [ACCESS] GET /assets/js/cart.js - IP: ::1 - In progress
[2025-08-26T16:48:52.932Z] [ACCESS] GET /assets/js/products.js - IP: ::1 - In progress
[2025-08-26T16:48:52.934Z] [ACCESS] GET /assets/js/userMenu.js - IP: ::1 - In progress
[2025-08-26T16:48:52.936Z] [ACCESS] GET /assets/js/header.js - IP: ::1 - In progress
[2025-08-26T16:48:52.982Z] [ACCESS] GET /assets/js/cartUtils.js - IP: ::1 - In progress
[2025-08-26T16:48:52.988Z] [ACCESS] GET /components/Cart.js - IP: ::1 - In progress
[2025-08-26T16:48:52.991Z] [ACCESS] GET /assets/js/auth.js - IP: ::1 - In progress
[2025-08-26T16:48:53.022Z] [ACCESS] GET /api/products - IP: ::1 - In progress
[2025-08-26T16:48:53.024Z] [ACCESS] GET / - IP: ::1 - Status: 200
[2025-08-26T16:48:53.113Z] [ACCESS] GET /assets/images/products/product_2.jpg - IP: ::1 - In progress
[2025-08-26T16:48:53.115Z] [ACCESS] GET /assets/images/products/product_1.jpg - IP: ::1 - In progress
[2025-08-26T16:48:53.118Z] [ACCESS] GET /assets/images/products/product_3.jpg - IP: ::1 - In progress
[2025-08-26T16:49:02.440Z] [ACCESS] GET /index.html - IP: ::1 - In progress
[2025-08-26T16:49:02.510Z] [ACCESS] GET /assets/css/preflight.css - IP: ::1 - In progress
[2025-08-26T16:49:02.515Z] [ACCESS] GET /assets/css/theme.css - IP: ::1 - In progress
[2025-08-26T16:49:02.518Z] [ACCESS] GET /assets/css/index.css - IP: ::1 - In progress
[2025-08-26T16:49:02.519Z] [ACCESS] GET /assets/css/styles.css - IP: ::1 - In progress
[2025-08-26T16:49:02.521Z] [ACCESS] GET /assets/css/header.css - IP: ::1 - In progress
[2025-08-26T16:49:02.522Z] [ACCESS] GET /assets/css/conflict-fixes.css - IP: ::1 - In progress
[2025-08-26T16:49:02.522Z] [ACCESS] GET /assets/css/visibility-fix.css - IP: ::1 - In progress
[2025-08-26T16:49:02.598Z] [ACCESS] GET /assets/js/utils.js - IP: ::1 - In progress
[2025-08-26T16:49:02.603Z] [ACCESS] GET /assets/js/cart.js - IP: ::1 - In progress
[2025-08-26T16:49:02.605Z] [ACCESS] GET /assets/js/products.js - IP: ::1 - In progress
[2025-08-26T16:49:02.606Z] [ACCESS] GET /assets/js/userMenu.js - IP: ::1 - In progress
[2025-08-26T16:49:02.607Z] [ACCESS] GET /assets/js/header.js - IP: ::1 - In progress
[2025-08-26T16:49:02.609Z] [ACCESS] GET /assets/js/theme.js - IP: ::1 - In progress
[2025-08-26T16:49:02.619Z] [ACCESS] GET /components/Header.js - IP: ::1 - In progress
[2025-08-26T16:49:02.619Z] [ACCESS] GET /assets/js/cart.js - IP: ::1 - In progress
[2025-08-26T16:49:02.625Z] [ACCESS] GET /assets/js/products.js - IP: ::1 - In progress
[2025-08-26T16:49:02.627Z] [ACCESS] GET /assets/js/userMenu.js - IP: ::1 - In progress
[2025-08-26T16:49:02.627Z] [ACCESS] GET /assets/js/header.js - IP: ::1 - In progress
[2025-08-26T16:49:02.630Z] [ACCESS] GET /components/Footer.js - IP: ::1 - In progress
[2025-08-26T16:49:02.631Z] [ACCESS] GET /assets/js/utils.js - IP: ::1 - In progress
[2025-08-26T16:49:02.631Z] [ACCESS] GET /assets/js/theme.js - IP: ::1 - In progress
[2025-08-26T16:49:02.661Z] [ACCESS] GET /assets/images/hero-image.jpg - IP: ::1 - In progress
[2025-08-26T16:49:02.662Z] [ACCESS] GET /assets/images/categories/arrangements.jpg - IP: ::1 - In progress
[2025-08-26T16:49:02.662Z] [ACCESS] GET /assets/images/categories/bouquets.jpg - IP: ::1 - In progress
[2025-08-26T16:49:02.662Z] [ACCESS] GET /assets/images/categories/plants.jpg - IP: ::1 - In progress
[2025-08-26T16:49:02.665Z] [ACCESS] GET /assets/images/categories/accessories.jpg - IP: ::1 - In progress
[2025-08-26T16:49:02.666Z] [ACCESS] GET /assets/images/about-florist.jpg - IP: ::1 - In progress
[2025-08-26T16:49:02.684Z] [ACCESS] GET /assets/js/cartUtils.js - IP: ::1 - In progress
[2025-08-26T16:49:02.687Z] [ACCESS] GET /components/Cart.js - IP: ::1 - In progress
[2025-08-26T16:49:02.698Z] [ACCESS] GET /assets/js/auth.js - IP: ::1 - In progress
[2025-08-26T16:49:02.703Z] [ACCESS] GET /assets/images/placeholder.svg - IP: ::1 - In progress
[2025-08-26T16:49:02.716Z] [ACCESS] GET /api/products - IP: ::1 - In progress
[2025-08-26T16:49:02.720Z] [ACCESS] GET / - IP: ::1 - Status: 200
[2025-08-26T16:49:45.113Z] [ACCESS] GET /profile.html - IP: ::1 - In progress
[2025-08-26T16:49:45.182Z] [ACCESS] GET /assets/css/preflight.css - IP: ::1 - In progress
[2025-08-26T16:49:45.203Z] [ACCESS] GET /assets/css/theme.css - IP: ::1 - In progress
[2025-08-26T16:49:45.207Z] [ACCESS] GET /assets/css/index.css - IP: ::1 - In progress
[2025-08-26T16:49:45.209Z] [ACCESS] GET /assets/css/styles.css - IP: ::1 - In progress
[2025-08-26T16:49:45.214Z] [ACCESS] GET /assets/css/header.css - IP: ::1 - In progress
[2025-08-26T16:49:45.217Z] [ACCESS] GET /assets/css/visibility-fix.css - IP: ::1 - In progress
[2025-08-26T16:49:45.219Z] [ACCESS] GET /assets/css/profile.css - IP: ::1 - In progress
[2025-08-26T16:49:45.227Z] [ACCESS] GET /assets/js/utils.js - IP: ::1 - In progress
[2025-08-26T16:49:45.232Z] [ACCESS] GET /assets/js/profile.js - IP: ::1 - In progress
[2025-08-26T16:49:45.236Z] [ACCESS] GET /assets/js/userMenu.js - IP: ::1 - In progress
[2025-08-26T16:49:45.237Z] [ACCESS] GET /assets/js/header.js - IP: ::1 - In progress
[2025-08-26T16:49:45.238Z] [ACCESS] GET /components/Header.js - IP: ::1 - In progress
[2025-08-26T16:49:45.241Z] [ACCESS] GET /components/Footer.js - IP: ::1 - In progress
[2025-08-26T16:49:45.243Z] [ACCESS] GET /assets/js/cart.js - IP: ::1 - In progress
[2025-08-26T16:49:45.246Z] [ACCESS] GET /assets/js/accessibility.js - IP: ::1 - In progress
[2025-08-26T16:49:45.266Z] [ACCESS] GET /assets/js/utils.js - IP: ::1 - In progress
[2025-08-26T16:49:45.266Z] [ACCESS] GET /assets/js/profile.js - IP: ::1 - In progress
[2025-08-26T16:49:45.272Z] [ACCESS] GET /assets/images/products/ramo-rosas-rojas.jpg - IP: ::1 - In progress
[2025-08-26T16:49:45.277Z] [ACCESS] GET /assets/js/userMenu.js - IP: ::1 - In progress
[2025-08-26T16:49:45.277Z] [ACCESS] GET /assets/js/header.js - IP: ::1 - In progress
[2025-08-26T16:49:45.279Z] [ACCESS] GET / - IP: ::1 - Status: 404
[2025-08-26T16:49:45.281Z] [ACCESS] GET /assets/images/products/orquidea-blanca.jpg - IP: ::1 - In progress
[2025-08-26T16:49:45.286Z] [ACCESS] GET / - IP: ::1 - Status: 404
[2025-08-26T16:49:45.309Z] [ACCESS] GET /assets/js/cartUtils.js - IP: ::1 - In progress
[2025-08-26T16:49:45.311Z] [ACCESS] GET /components/Cart.js - IP: ::1 - In progress
[2025-08-26T16:49:45.346Z] [ACCESS] GET /assets/js/auth.js - IP: ::1 - In progress
